<?xml version="1.0" encoding="UTF-8"?>
<testsuite xmlns:xsi="http://www.w3.org/2001/XMLSchema-instance" xsi:schemaLocation="https://maven.apache.org/surefire/maven-surefire-plugin/xsd/surefire-test-report.xsd" name="com.freecrm.cucumber.testrunner.TestRunner" time="43.875" tests="1" errors="0" skipped="0" failures="0">
  <properties>
    <property name="PROCESSOR_ARCHITECTURE" value="AMD64"/>
    <property name="file.encoding.pkg" value="sun.io"/>
    <property name="LOGONSERVER" value="\\AWSAPSVRDC02"/>
    <property name="ProgramData" value="C:\ProgramData"/>
    <property name="java.home" value="C:\Program Files\Java\jdk1.8.0_211\jre"/>
    <property name="NODE_NAME" value="master"/>
    <property name="TVT" value="C:\Program Files (x86)\Lenovo"/>
    <property name="JENKINS_URL" value="http://localhost:8080/"/>
    <property name="ALLUSERSPROFILE" value="C:\ProgramData"/>
    <property name="java.endorsed.dirs" value="C:\Program Files\Java\jdk1.8.0_211\jre\lib\endorsed"/>
    <property name="PSModulePath" value="C:\Windows\system32\WindowsPowerShell\v1.0\Modules\"/>
    <property name="=::" value="::\"/>
    <property name="USERDOMAIN" value="PLANIT"/>
    <property name="sun.os.patch.level" value="Service Pack 1"/>
    <property name="java.vendor.url" value="http://java.oracle.com/"/>
    <property name="CommonProgramFiles(x86)" value="C:\Program Files (x86)\Common Files"/>
    <property name="java.version" value="1.8.0_211"/>
    <property name="JOB_NAME" value="FreeCRMTest"/>
    <property name="COMPUTERNAME" value="NSWSYDNLP130"/>
    <property name="windows_tracing_logfile" value="C:\BVTBin\Tests\installpackage\csilogfile.log"/>
    <property name="READYAPPS" value="C:\ProgramData\Lenovo\ReadyApps"/>
    <property name="java.vendor.url.bug" value="http://bugreport.sun.com/bugreport/"/>
    <property name="PUBLIC" value="C:\Users\Public"/>
    <property name="user.name" value="sbandari"/>
    <property name="sun.io.unicode.encoding" value="UnicodeLittle"/>
    <property name="sun.jnu.encoding" value="Cp1252"/>
    <property name="java.runtime.name" value="Java(TM) SE Runtime Environment"/>
    <property name="windir" value="C:\Windows"/>
    <property name="PROCESSOR_IDENTIFIER" value="Intel64 Family 6 Model 61 Stepping 4, GenuineIntel"/>
    <property name="java.specification.name" value="Java Platform API Specification"/>
    <property name="LOCALAPPDATA" value="C:\Users\sbandari\AppData\Local"/>
    <property name="RUN_CHANGES_DISPLAY_URL" value="http://localhost:8080/job/FreeCRMTest/15/display/redirect?page=changes"/>
    <property name="user.timezone" value="Australia/Sydney"/>
    <property name="user.script" value=""/>
    <property name="path.separator" value=";"/>
    <property name="NUMBER_OF_PROCESSORS" value="4"/>
    <property name="BUILD_TAG" value="jenkins-FreeCRMTest-15"/>
    <property name="windows_tracing_flags" value="3"/>
    <property name="file.encoding" value="Cp1252"/>
    <property name="TVTCOMMON" value="C:\Program Files (x86)\Common Files\Lenovo"/>
    <property name="LOG_FILE" value="C:\Users\gojeah\AppData\Local\Temp\\ihp_custom_batches.log"/>
    <property name="sun.java.command" value="jenkins.maven3.agent.Maven35Main C:\Users\sbandari\.jenkins\tools\hudson.tasks.Maven_MavenInstallation\TestMaven C:\Users\sbandari\.jenkins\war\WEB-INF\lib\remoting-3.29.jar C:\Users\sbandari\.jenkins\plugins\maven-plugin\WEB-INF\lib\maven35-interceptor-1.12.jar C:\Users\sbandari\.jenkins\plugins\maven-plugin\WEB-INF\lib\maven3-interceptor-commons-1.12.jar 50399"/>
    <property name="HUDSON_URL" value="http://localhost:8080/"/>
    <property name="JENKINS_SERVER_COOKIE" value="a903f03c2037aeea"/>
    <property name="EXECUTOR_NUMBER" value="0"/>
    <property name="Path" value="C:\Program Files\Java\jdk1.8.0_211/bin;C:\Program Files (x86)\Common Files\Oracle\Java\javapath;C:\Program Files (x86)\Intel\iCLS Client\;C:\Program Files\Intel\iCLS Client\;C:\Windows\system32;C:\Windows;C:\Windows\System32\Wbem;C:\Windows\System32\WindowsPowerShell\v1.0\;C:\Program Files\Intel\Intel(R) Management Engine Components\DAL;C:\Program Files (x86)\Intel\Intel(R) Management Engine Components\DAL;C:\Program Files\Intel\Intel(R) Management Engine Components\IPT;C:\Program Files (x86)\Intel\Intel(R) Management Engine Components\IPT;C:\Program Files (x86)\ATI Technologies\ATI.ACE\Core-Static;C:\Program Files (x86)\Common Files\Lenovo;C:\ProgramData\Lenovo\ReadyApps;C:\Program Files\PuTTY;C:\Users\esantos\AppData\Local\Programs\Python\Python35-32\;C:\git\performance-test\bin;C:\Users\esantos\Downloads\apache-maven-3.3.9\bin;C:\Program Files\Intel\WiFi\bin\;C:\Program Files\Common Files\Intel\WirelessCommon\;C:\Program Files\Java\jdk1.8.0_211\bin;C:\Users\sbandari\Downloads\apache-maven-3.6.1\bin"/>
    <property name="GIT_COMMIT" value="c143714d43c837e2ed57a41aeaaeb6df281b6b75"/>
    <property name="java.io.tmpdir" value="C:\Users\sbandari\AppData\Local\Temp\"/>
    <property name="APPDATA" value="C:\Users\sbandari\AppData\Roaming"/>
    <property name="user.language" value="en"/>
    <property name="line.separator" value="&#10;"/>
    <property name="BUILD_URL" value="http://localhost:8080/job/FreeCRMTest/15/"/>
    <property name="M2_HOME" value="C:\Users\sbandari\.jenkins\tools\hudson.tasks.Maven_MavenInstallation\TestMaven"/>
    <property name="=C:" value="C:\Users\sbandari"/>
    <property name="ERROR_CODE" value="0"/>
    <property name="java.vm.info" value="mixed mode"/>
    <property name="sun.desktop" value="windows"/>
    <property name="java.vm.specification.name" value="Java Virtual Machine Specification"/>
    <property name="BUILD_DISPLAY_NAME" value="#15"/>
    <property name="OS" value="Windows_NT"/>
    <property name="guice.disable.misplaced.annotation.check" value="true"/>
    <property name="HUDSON_SERVER_COOKIE" value="a903f03c2037aeea"/>
    <property name="MAVEN_HOME" value="C:\Users\sbandari\.jenkins\tools\hudson.tasks.Maven_MavenInstallation\TestMaven"/>
    <property name="SESSIONNAME" value="Console"/>
    <property name="PATHEXT" value=".COM;.EXE;.BAT;.CMD;.VBS;.VBE;.JS;.JSE;.WSF;.WSH;.MSC"/>
    <property name="java.awt.printerjob" value="sun.awt.windows.WPrinterJob"/>
    <property name="maven3.interceptor.common" value="C:\Users\sbandari\.jenkins\plugins\maven-plugin\WEB-INF\lib\maven3-interceptor-commons-1.12.jar"/>
    <property name="CLASSPATH" value=""/>
    <property name="HOMEPATH" value="\Users\sbandari"/>
    <property name="os.name" value="Windows 7"/>
    <property name="java.specification.vendor" value="Oracle Corporation"/>
    <property name="FP_NO_HOST_CHECK" value="NO"/>
    <property name="java.vm.name" value="Java HotSpot(TM) 64-Bit Server VM"/>
    <property name="BUILD_NUMBER" value="15"/>
    <property name="maven3.interceptor" value="C:\Users\sbandari\.jenkins\plugins\maven-plugin\WEB-INF\lib\maven35-interceptor-1.12.jar"/>
    <property name="java.library.path" value="C:\Program Files\Java\jdk1.8.0_211\bin;C:\Windows\Sun\Java\bin;C:\Windows\system32;C:\Windows;C:\Users\sbandari\.jenkins\tools\hudson.tasks.Maven_MavenInstallation\TestMaven/bin;C:\Program Files\Java\jdk1.8.0_211/bin;C:\Program Files\Java\jdk1.8.0_211/bin;C:\Program Files (x86)\Common Files\Oracle\Java\javapath;C:\Program Files (x86)\Intel\iCLS Client\;C:\Program Files\Intel\iCLS Client\;C:\Windows\system32;C:\Windows;C:\Windows\System32\Wbem;C:\Windows\System32\WindowsPowerShell\v1.0\;C:\Program Files\Intel\Intel(R) Management Engine Components\DAL;C:\Program Files (x86)\Intel\Intel(R) Management Engine Components\DAL;C:\Program Files\Intel\Intel(R) Management Engine Components\IPT;C:\Program Files (x86)\Intel\Intel(R) Management Engine Components\IPT;C:\Program Files (x86)\ATI Technologies\ATI.ACE\Core-Static;C:\Program Files (x86)\Common Files\Lenovo;C:\ProgramData\Lenovo\ReadyApps;C:\Program Files\PuTTY;C:\Users\esantos\AppData\Local\Programs\Python\Python35-32\;C:\git\performance-test\bin;C:\Users\esantos\Downloads\apache-maven-3.3.9\bin;C:\Program Files\Intel\WiFi\bin\;C:\Program Files\Common Files\Intel\WirelessCommon\;C:\Program Files\Java\jdk1.8.0_211\bin;C:\Users\sbandari\Downloads\apache-maven-3.6.1\bin;."/>
    <property name="HOMEDRIVE" value="C:"/>
    <property name="POM_GROUPID" value="com.freecrm.cucumber"/>
    <property name="POM_ARTIFACTID" value="BDDFramework"/>
    <property name="java.class.version" value="52.0"/>
    <property name="JOB_URL" value="http://localhost:8080/job/FreeCRMTest/"/>
    <property name="GIT_PREVIOUS_COMMIT" value="0dcfdaeb6295786c48a16b5908e0bab97547f728"/>
    <property name="GIT_BRANCH" value="origin/master"/>
    <property name="RUN_DISPLAY_URL" value="http://localhost:8080/job/FreeCRMTest/15/display/redirect"/>
    <property name="JENKINS_HOME" value="C:\Users\sbandari\.jenkins"/>
    <property name="BUILD_ID" value="15"/>
    <property name="TEMP" value="C:\Users\sbandari\AppData\Local\Temp"/>
    <property name="sun.boot.library.path" value="C:\Program Files\Java\jdk1.8.0_211\jre\bin"/>
    <property name="sun.management.compiler" value="HotSpot 64-Bit Tiered Compilers"/>
    <property name="java.awt.graphicsenv" value="sun.awt.Win32GraphicsEnvironment"/>
    <property name="user.variant" value=""/>
    <property name="PROCESSOR_REVISION" value="3d04"/>
    <property name="POM_VERSION" value="0.0.1-SNAPSHOT"/>
    <property name="configsetroot" value="C:\Windows\ConfigSetRoot"/>
    <property name="HUDSON_HOME" value="C:\Users\sbandari\.jenkins"/>
    <property name="GIT_PREVIOUS_SUCCESSFUL_COMMIT" value="0dcfdaeb6295786c48a16b5908e0bab97547f728"/>
    <property name="ProgramFiles(x86)" value="C:\Program Files (x86)"/>
    <property name="PATH+MAVEN" value="C:\Users\sbandari\.jenkins\tools\hudson.tasks.Maven_MavenInstallation\TestMaven/bin"/>
    <property name="PROMPT" value="$P$G"/>
    <property name="java.vm.specification.version" value="1.8"/>
    <property name="JAVA_HOME" value="C:\Program Files\Java\jdk1.8.0_211"/>
    <property name="awt.toolkit" value="sun.awt.windows.WToolkit"/>
    <property name="NODE_LABELS" value="master"/>
    <property name="sun.cpu.isalist" value="amd64"/>
    <property name="USERPROFILE" value="C:\Users\sbandari"/>
    <property name="JOB_DISPLAY_URL" value="http://localhost:8080/job/FreeCRMTest/display/redirect"/>
    <property name="java.ext.dirs" value="C:\Program Files\Java\jdk1.8.0_211\jre\lib\ext;C:\Windows\Sun\Java\lib\ext"/>
    <property name="os.version" value="6.1"/>
    <property name="user.home" value="C:\Users\sbandari"/>
    <property name="USERNAME" value="sbandari"/>
    <property name="java.vm.vendor" value="Oracle Corporation"/>
    <property name="PROCESSOR_LEVEL" value="6"/>
    <property name="USERDNSDOMAIN" value="PLANIT.LOCAL"/>
    <property name="CommonProgramW6432" value="C:\Program Files\Common Files"/>
    <property name="COMMPath" value="C:\Program Files\Lenovo\Communications Utility"/>
    <property name="user.dir" value="C:\Users\sbandari\eclipse-workspace\BDDFramework"/>
    <property name="maven.conf" value="C:\Users\sbandari\.jenkins\tools\hudson.tasks.Maven_MavenInstallation\TestMaven\conf"/>
    <property name="ProgramW6432" value="C:\Program Files"/>
    <property name="TMP" value="C:\Users\sbandari\AppData\Local\Temp"/>
    <property name="sun.cpu.endian" value="little"/>
    <property name="SystemDrive" value="C:"/>
    <property name="java.vm.version" value="25.211-b12"/>
    <property name="java.class.path" value="C:\Users\sbandari\.jenkins\plugins\maven-plugin\WEB-INF\lib\maven35-agent-1.12.jar;C:\Users\sbandari\.jenkins\tools\hudson.tasks.Maven_MavenInstallation\TestMaven\boot\plexus-classworlds-2.6.0.jar;C:\Users\sbandari\.jenkins\tools\hudson.tasks.Maven_MavenInstallation\TestMaven/conf/logging"/>
    <property name="org.slf4j.simpleLogger.defaultLogLevel" value="info"/>
    <property name="SWSHARE" value="C:\SWSHARE"/>
    <property name="os.arch" value="amd64"/>
    <property name="WORKSPACE" value="C:\Users\sbandari\.jenkins\workspace\FreeCRMTest"/>
    <property name="ComSpec" value="C:\Windows\system32\cmd.exe"/>
    <property name="SILK_CONFIG_PATH" value="C:\ProgramData\Borland\Silk\SilkMeter\cfg"/>
    <property name="sun.java.launcher" value="SUN_STANDARD"/>
    <property name="SystemRoot" value="C:\Windows"/>
    <property name="CommonProgramFiles" value="C:\Program Files\Common Files"/>
    <property name="java.vm.specification.vendor" value="Oracle Corporation"/>
    <property name="file.separator" value="\"/>
    <property name="java.runtime.version" value="1.8.0_211-b12"/>
    <property name="ProgramFiles" value="C:\Program Files"/>
    <property name="sun.boot.class.path" value="C:\Program Files\Java\jdk1.8.0_211\jre\lib\resources.jar;C:\Program Files\Java\jdk1.8.0_211\jre\lib\rt.jar;C:\Program Files\Java\jdk1.8.0_211\jre\lib\sunrsasign.jar;C:\Program Files\Java\jdk1.8.0_211\jre\lib\jsse.jar;C:\Program Files\Java\jdk1.8.0_211\jre\lib\jce.jar;C:\Program Files\Java\jdk1.8.0_211\jre\lib\charsets.jar;C:\Program Files\Java\jdk1.8.0_211\jre\lib\jfr.jar;C:\Program Files\Java\jdk1.8.0_211\jre\classes"/>
    <property name="PATH+JDK" value="C:\Program Files\Java\jdk1.8.0_211/bin"/>
    <property name="=ExitCode" value="00000000"/>
    <property name="user.country" value="AU"/>
    <property name="POM_PACKAGING" value="jar"/>
    <property name="maven.home" value="C:\Users\sbandari\.jenkins\tools\hudson.tasks.Maven_MavenInstallation\TestMaven"/>
    <property name="LDMS_LOCAL_DIR" value="C:\Program Files (x86)\LANDesk\LDClient\Data"/>
    <property name="JOB_BASE_NAME" value="FreeCRMTest"/>
    <property name="java.vendor" value="Oracle Corporation"/>
    <property name="POM_DISPLAYNAME" value="BDDFramework"/>
    <property name="java.specification.version" value="1.8"/>
    <property name="sun.arch.data.model" value="64"/>
    <property name="GIT_URL" value="https://github.com/SwathiBandari/BDDFramework"/>
  </properties>
  <testcase name="New User Creation" classname="Word Press Feature" time="43.153"/>
</testsuite>